{"name": "Тест: Всплывает окно с деталями заказа по клику на заказ", "status": "broken", "statusDetails": {"message": "selenium.common.exceptions.TimeoutException: Message: \nStacktrace:\nRemoteError@chrome://remote/content/shared/RemoteError.sys.mjs:8:8\nWebDriverError@chrome://remote/content/shared/webdriver/Errors.sys.mjs:193:5\nNoSuchElementError@chrome://remote/content/shared/webdriver/Errors.sys.mjs:511:5\ndom.find/</<@chrome://remote/content/shared/DOM.sys.mjs:136:16", "trace": "self = <tests.test_feed_page.TestFeedPage object at 0x0000020D8365E030>, driver = <selenium.webdriver.firefox.webdriver.WebDriver (session=\"bb032302-d623-4f74-b7eb-ee118074e58f\")>\nregistered_user = {'email': 'lukija1988@example.org', 'name': 'Ия Эдуардовна Большакова', 'password': '*5u7sFkzWc'}\n\n    @allure.title('Тест: Всплывает окно с деталями заказа по клику на заказ')\n    def test_see_modal_by_clicking_order(self, driver, registered_user):\n        payload = registered_user\n        l_a_page = LoginAccountPage(driver)\n        l_a_page.login_into_account(payload)\n        main_page = MainPage(driver)\n>       main_page.make_order()\n\ntests\\test_feed_page.py:15: \n_ _ _ _ _ _ _ _ _ _ _ _ _ _ _ _ _ _ _ _ _ _ _ _ _ _ _ _ _ _ _ _ _ _ _ _ _ _ _ _ _ _ _ _ _ _ _ _ _ _ _ _ _ _ _ _ _ _ _ _ _ _ _ _ _ _ _ _ _ _ _ _ _ _ _ _ _ _ _ _ _ _ _ _ _ _ _ _ _ _ _ _\npages\\main_page.py:12: in make_order\n    self.drag_and_drop_element(MainPageLocators.INGREDIENT, MainPageLocators.PLACE_FOR_BUN)\npages\\base_page.py:33: in drag_and_drop_element\n    element = self.find_element_with_wait(element_locator)\npages\\base_page.py:15: in find_element_with_wait\n    WebDriverWait(self.driver, 10).until(expected_conditions.visibility_of_element_located(locator))\n_ _ _ _ _ _ _ _ _ _ _ _ _ _ _ _ _ _ _ _ _ _ _ _ _ _ _ _ _ _ _ _ _ _ _ _ _ _ _ _ _ _ _ _ _ _ _ _ _ _ _ _ _ _ _ _ _ _ _ _ _ _ _ _ _ _ _ _ _ _ _ _ _ _ _ _ _ _ _ _ _ _ _ _ _ _ _ _ _ _ _ _\n\nself = <selenium.webdriver.support.wait.WebDriverWait (session=\"bb032302-d623-4f74-b7eb-ee118074e58f\")>\nmethod = <function visibility_of_element_located.<locals>._predicate at 0x0000020D83BBCD60>, message = ''\n\n    def until(self, method: Callable[[D], Union[Literal[False], T]], message: str = \"\") -> T:\n        \"\"\"Calls the method provided with the driver as an argument until the \\\n        return value does not evaluate to ``False``.\n    \n        :param method: callable(WebDriver)\n        :param message: optional message for :exc:`TimeoutException`\n        :returns: the result of the last call to `method`\n        :raises: :exc:`selenium.common.exceptions.TimeoutException` if timeout occurs\n        \"\"\"\n        screen = None\n        stacktrace = None\n    \n        end_time = time.monotonic() + self._timeout\n        while True:\n            try:\n                value = method(self._driver)\n                if value:\n                    return value\n            except self._ignored_exceptions as exc:\n                screen = getattr(exc, \"screen\", None)\n                stacktrace = getattr(exc, \"stacktrace\", None)\n            time.sleep(self._poll)\n            if time.monotonic() > end_time:\n                break\n>       raise TimeoutException(message, screen, stacktrace)\nE       selenium.common.exceptions.TimeoutException: Message: \nE       Stacktrace:\nE       RemoteError@chrome://remote/content/shared/RemoteError.sys.mjs:8:8\nE       WebDriverError@chrome://remote/content/shared/webdriver/Errors.sys.mjs:193:5\nE       NoSuchElementError@chrome://remote/content/shared/webdriver/Errors.sys.mjs:511:5\nE       dom.find/</<@chrome://remote/content/shared/DOM.sys.mjs:136:16\n\n.venv\\Lib\\site-packages\\selenium\\webdriver\\support\\wait.py:105: TimeoutException"}, "steps": [{"name": "Входим в аккаунт", "status": "passed", "parameters": [{"name": "payload", "value": "{'email': 'lukija1988@example.org', 'password': '*5u7sFkzWc', 'name': 'Ия Эдуардовна Большакова'}"}], "start": 1715087307951, "stop": 1715087309281}, {"name": "Создаём заказ", "status": "broken", "statusDetails": {"message": "selenium.common.exceptions.TimeoutException: Message: \nStacktrace:\nRemoteError@chrome://remote/content/shared/RemoteError.sys.mjs:8:8\nWebDriverError@chrome://remote/content/shared/webdriver/Errors.sys.mjs:193:5\nNoSuchElementError@chrome://remote/content/shared/webdriver/Errors.sys.mjs:511:5\ndom.find/</<@chrome://remote/content/shared/DOM.sys.mjs:136:16\n\n", "trace": "  File \"E:\\Auto\\github\\Diploma\\Diplom_3\\.venv\\Lib\\site-packages\\allure_commons\\_allure.py\", line 192, in impl\n    return func(*a, **kw)\n           ^^^^^^^^^^^^^^\n  File \"E:\\Auto\\github\\Diploma\\Diplom_3\\pages\\main_page.py\", line 12, in make_order\n    self.drag_and_drop_element(MainPageLocators.INGREDIENT, MainPageLocators.PLACE_FOR_BUN)\n  File \"E:\\Auto\\github\\Diploma\\Diplom_3\\pages\\base_page.py\", line 33, in drag_and_drop_element\n    element = self.find_element_with_wait(element_locator)\n              ^^^^^^^^^^^^^^^^^^^^^^^^^^^^^^^^^^^^^^^^^^^^\n  File \"E:\\Auto\\github\\Diploma\\Diplom_3\\pages\\base_page.py\", line 15, in find_element_with_wait\n    WebDriverWait(self.driver, 10).until(expected_conditions.visibility_of_element_located(locator))\n  File \"E:\\Auto\\github\\Diploma\\Diplom_3\\.venv\\Lib\\site-packages\\selenium\\webdriver\\support\\wait.py\", line 105, in until\n    raise TimeoutException(message, screen, stacktrace)\n"}, "start": 1715087309281, "stop": 1715087319388}], "parameters": [{"name": "driver", "value": "'Firefox'"}], "start": 1715087307951, "stop": 1715087319395, "uuid": "a6cff519-5522-4298-926b-892ed32d7b44", "historyId": "d6905663c947aec977a26418861c5f91", "testCaseId": "2fd2c61b825b0e6fd74ba0fab3bf3735", "fullName": "tests.test_feed_page.TestFeedPage#test_see_modal_by_clicking_order", "labels": [{"name": "parentSuite", "value": "tests"}, {"name": "suite", "value": "test_feed_page"}, {"name": "subSuite", "value": "TestFeedPage"}, {"name": "host", "value": "DESKTOP-P4QDAQP"}, {"name": "thread", "value": "15276-MainThread"}, {"name": "framework", "value": "pytest"}, {"name": "language", "value": "cpython3"}, {"name": "package", "value": "tests.test_feed_page"}]}